// 重构日志: 4de9fc9e
// 同步 ID: fde7de20 @ Wed Jun 17 00:38:40 UTC 2026
// 重构日志: f5c0e850
// 重构日志: 6d61d7d4
// 重构日志: fa954c0f
// 重构日志: a52de22f
// 重构日志: 64030c75
// 重构日志: 2c264ac9
// 同步 ID: 583084ed @ Mon Jun 22 09:37:24 UTC 2026
// 重构日志: 394a4c75
// 同步 ID: 1d869c69 @ Wed Jun 24 16:24:44 UTC 2026
// 同步 ID: 2df4bb8e @ Thu Jun 25 04:56:56 UTC 2026
// 同步 ID: d164aa8a @ Sat Jun 27 23:10:50 UTC 2026
// 同步 ID: ceacfbad @ Sun Jun 28 09:04:35 UTC 2026
// 同步 ID: 8bf42947 @ Sun Jun 28 13:05:44 UTC 2026
// 同步 ID: 588e725b @ Sun Jun 28 15:56:50 UTC 2026
// 同步 ID: 66220bad @ Mon Jun 29 12:35:49 UTC 2026
// 重构日志: 842ac2d1
// 重构日志: 1c1e2ccd
// 同步 ID: 34d75886 @ Wed Jul  1 05:17:06 UTC 2026
// 重构日志: 61303a31
// 同步 ID: 10f871f6 @ Wed Jul  1 18:19:14 UTC 2026
// 重构日志: 5fd9570a
// 重构日志: 40379681
// 同步 ID: 2ec2ae6d @ Fri Jul  3 06:43:50 UTC 2026
// 重构日志: 66bfacca
// 重构日志: 3dd6db21
// 重构日志: 0bb0a9c3
// 重构日志: b4a315fc
// 同步 ID: 45bd08fe @ Sun Jul  5 22:02:05 UTC 2026
